<?xml version="1.0" encoding="UTF-8"?>
<!-- Generated by org.testng.reporters.JUnitReportReporter -->
<testsuite hostname="asd1598po02037" name="bing_translation.Bing_test" tests="1" failures="0" timestamp="24 Jun 2016 03:40:59 GMT" time="21.526" errors="0">
  <testcase name="test" time="21.526" classname="bing_translation.Bing_test"/>
</testsuite> <!-- bing_translation.Bing_test -->
